生成启动时间为 2013/11/12 13:00:04。
     1>项目“C:\Users\振\documents\visual studio 2010\Projects\Traffic Advisory\Traffic Advisory\Traffic Advisory.vcxproj”在节点 2 上(build 个目标)。
     1>InitializeBuildStatus:
         正在创建“Debug\Traffic Advisory.unsuccessfulbuild”，因为已指定“AlwaysCreate”。
       ClCompile:
         D:\Program Files (x86)\Microsoft Visual Studio 10.0\VC\bin\CL.exe /c /ZI /nologo /W3 /WX- /Od /Oy- /D _MBCS /Gm /EHsc /RTC1 /MDd /GS /fp:precise /Zc:wchar_t /Zc:forScope /Fo"Debug\\" /Fd"Debug\vc100.pdb" /Gd /TP /analyze- /errorReport:prompt Traffic.cpp
         Traffic.cpp
     1>c:\users\振\documents\visual studio 2010\projects\traffic advisory\traffic advisory\traffic.cpp(22): warning C4101: “j”: 未引用的局部变量
     1>c:\users\振\documents\visual studio 2010\projects\traffic advisory\traffic advisory\arraygraph.h(314): warning C4715: “MGraph<std::basic_string<char,std::char_traits<char>,std::allocator<char> > >::GetTrain_num”: 不是所有的控件路径都返回值
       Link:
         D:\Program Files (x86)\Microsoft Visual Studio 10.0\VC\bin\link.exe /ERRORREPORT:PROMPT /OUT:"C:\Users\振\documents\visual studio 2010\Projects\Traffic Advisory\Debug\Traffic Advisory.exe" /NOLOGO kernel32.lib user32.lib gdi32.lib winspool.lib comdlg32.lib advapi32.lib shell32.lib ole32.lib oleaut32.lib uuid.lib odbc32.lib odbccp32.lib /MANIFEST /ManifestFile:"Debug\Traffic Advisory.exe.intermediate.manifest" /MANIFESTUAC:"level='asInvoker' uiAccess='false'" /DEBUG /PDB:"C:\Users\振\documents\visual studio 2010\Projects\Traffic Advisory\Debug\Traffic Advisory.pdb" /TLBID:1 /DYNAMICBASE /NXCOMPAT /IMPLIB:"C:\Users\振\documents\visual studio 2010\Projects\Traffic Advisory\Debug\Traffic Advisory.lib" /MACHINE:X86 Debug\Traffic.obj
         LINK : 没有找到 C:\Users\振\documents\visual studio 2010\Projects\Traffic Advisory\Debug\Traffic Advisory.exe 或上一个增量链接没有生成它；正在执行完全链接
         Traffic Advisory.vcxproj -> C:\Users\振\documents\visual studio 2010\Projects\Traffic Advisory\Debug\Traffic Advisory.exe
       Manifest:
         C:\Program Files (x86)\Microsoft SDKs\Windows\v7.0A\bin\mt.exe /nologo /verbose /outputresource:"C:\Users\振\documents\visual studio 2010\Projects\Traffic Advisory\Debug\Traffic Advisory.exe;#1" /manifest "Debug\Traffic Advisory.exe.intermediate.manifest"
       FinalizeBuildStatus:
         正在删除文件“Debug\Traffic Advisory.unsuccessfulbuild”。
         正在对“Debug\Traffic Advisory.lastbuildstate”执行 Touch 任务。
     1>已完成生成项目“C:\Users\振\documents\visual studio 2010\Projects\Traffic Advisory\Traffic Advisory\Traffic Advisory.vcxproj”(build 个目标)的操作。

生成成功。

已用时间 00:00:01.19
